Added Component: Designator=C1(C0805)
Add component (AddParameter): Name = "ClassName"; Value = ""; VariantName = "[No Variations]"
Add component (AddParameter): Name = "ComponentLink1Description"; Value = "Параметры конденсатора (Yageo)"; VariantName = "[No Variations]"
Add component (AddParameter): Name = "ComponentLink1URL"; Value = "D:/AltiumDoc/Library/Datasheets/Yageo/CC0805MKX5R8BB226.pdf"; VariantName = "[No Variations]"
Add component (AddParameter): Name = "ComponentLink2Description"; Value = "Сайт производителя"; VariantName = "[No Variations]"
Add component (AddParameter): Name = "ComponentLink2URL"; Value = "https://www.yageo.com/"; VariantName = "[No Variations]"
Add component (AddParameter): Name = "ComponentLink3Description"; Value = "Страница поставщика (Платан)"; VariantName = "[No Variations]"
Add component (AddParameter): Name = "ComponentLink3URL"; Value = "https://www.platan.ru/cgi-bin/qwery.pl/id=2015146779"; VariantName = "[No Variations]"
Add component (AddParameter): Name = "ComponentLink4Description"; Value = "Описание конденсатора на сайте производителя"; VariantName = "[No Variations]"
Add component (AddParameter): Name = "ComponentLink4URL"; Value = "https://www.yageo.com/en/Chart/Download/pdf/CC0805MKX5R8BB226"; VariantName = "[No Variations]"
Add component (AddParameter): Name = "Cost"; Value = "6,08"; VariantName = "[No Variations]"
Add component (AddParameter): Name = "ID"; Value = "C0079"; VariantName = "[No Variations]"
Add component (AddParameter): Name = "Manufacturer"; Value = "Yageo"; VariantName = "[No Variations]"
Add component (AddParameter): Name = "ManufacturerPartNumber"; Value = "CC0805MKX5R5BB476"; VariantName = "[No Variations]"
Add component (AddParameter): Name = "Name_for_setter"; Value = "0805-22мк±20%/25В--CC0805MKX5R5BB476 *** SMD"; VariantName = "[No Variations]"
Add component (AddParameter): Name = "Operating Temperature"; Value = "-55°C ~ 85°C"; VariantName = "[No Variations]"
Add component (AddParameter): Name = "Power/Voltage"; Value = "25В"; VariantName = "[No Variations]"
Add component (AddParameter): Name = "Rem"; Value = "SMD"; VariantName = "[No Variations]"
Add component (AddParameter): Name = "SMD"; Value = "SMD"; VariantName = "[No Variations]"
Add component (AddParameter): Name = "TKE"; Value = "X5R"; VariantName = "[No Variations]"
Add component (AddParameter): Name = "Tolerance"; Value = "±20%"; VariantName = "[No Variations]"
Add component (AddParameter): Name = "Value"; Value = "22мк"; VariantName = "[No Variations]"
Add component (AddParameter): Name = "ВП/ОТК"; Value = "Импорт"; VariantName = "[No Variations]"
Add component (AddParameter): Name = "Корпус"; Value = "0805"; VariantName = "[No Variations]"
Add component (AddParameter): Name = "Примечание"; Value = "Yageo"; VariantName = "[No Variations]"
Add component (AddParameter): Name = "Тип расширенный"; Value = "Конденсатор"; VariantName = "[No Variations]"
Add component (AddParameter): Name = "Тип элемента"; Value = "Конденсатор"; VariantName = "[No Variations]"
Added Component: Designator=C2(C0603)
Add component (AddParameter): Name = "ClassName"; Value = ""; VariantName = "[No Variations]"
Add component (AddParameter): Name = "ComponentLink1Description"; Value = "Каталог (TDK Corporation, автомобильное применение)"; VariantName = "[No Variations]"
Add component (AddParameter): Name = "ComponentLink1URL"; Value = "D:/AltiumDoc/Library/Datasheets/TDK/mlcc_automotive_general_en.pdf"; VariantName = "[No Variations]"
Add component (AddParameter): Name = "ComponentLink2Description"; Value = "Сайт производителя"; VariantName = "[No Variations]"
Add component (AddParameter): Name = "ComponentLink2URL"; Value = "http://www.tdk.com/"; VariantName = "[No Variations]"
Add component (AddParameter): Name = "ComponentLink4Description"; Value = "Параметры конденсатора"; VariantName = "[No Variations]"
Add component (AddParameter): Name = "ComponentLink4URL"; Value = "D:/AltiumDoc/Library/Datasheets/TDK/mlccspec_automotive_general_midvoltage_en.pdf"; VariantName = "[No Variations]"
Add component (AddParameter): Name = "Cost"; Value = "6,3"; VariantName = "[No Variations]"
Add component (AddParameter): Name = "ID"; Value = "C0011"; VariantName = "[No Variations]"
Add component (AddParameter): Name = "Manufacturer"; Value = "TDK Corporation"; VariantName = "[No Variations]"
Add component (AddParameter): Name = "ManufacturerPartNumber"; Value = "CGA3E2X7R1H104K080AA"; VariantName = "[No Variations]"
Add component (AddParameter): Name = "Name_for_setter"; Value = "0603-0,1мк±10%/50В--CGA3E2X7R1H104K080AA *** SMD"; VariantName = "[No Variations]"
Add component (AddParameter): Name = "Operating Temperature"; Value = "-55°C ~ 125°C"; VariantName = "[No Variations]"
Add component (AddParameter): Name = "Power/Voltage"; Value = "50В"; VariantName = "[No Variations]"
Add component (AddParameter): Name = "Rem"; Value = "SMD"; VariantName = "[No Variations]"
Add component (AddParameter): Name = "SMD"; Value = "SMD"; VariantName = "[No Variations]"
Add component (AddParameter): Name = "TKE"; Value = "X7R"; VariantName = "[No Variations]"
Add component (AddParameter): Name = "Tolerance"; Value = "±10%"; VariantName = "[No Variations]"
Add component (AddParameter): Name = "Value"; Value = "0,1мк"; VariantName = "[No Variations]"
Add component (AddParameter): Name = "ВП/ОТК"; Value = "Импорт"; VariantName = "[No Variations]"
Add component (AddParameter): Name = "Корпус"; Value = "0603"; VariantName = "[No Variations]"
Add component (AddParameter): Name = "Примечание"; Value = "TDK Corporation"; VariantName = "[No Variations]"
Add component (AddParameter): Name = "Тип расширенный"; Value = "Конденсатор"; VariantName = "[No Variations]"
Add component (AddParameter): Name = "Тип элемента"; Value = "Конденсатор"; VariantName = "[No Variations]"
Added Component: Designator=C3(C0603)
Add component (AddParameter): Name = "ClassName"; Value = ""; VariantName = "[No Variations]"
Add component (AddParameter): Name = "ComponentLink1Description"; Value = "Параметры конденсатора (Murata, Automotive)"; VariantName = "[No Variations]"
Add component (AddParameter): Name = "ComponentLink1URL"; Value = "D:/AltiumDoc/Library/Datasheets/Murata/GCM188R71C105KA64_.pdf"; VariantName = "[No Variations]"
Add component (AddParameter): Name = "ComponentLink2Description"; Value = "Сайт производителя"; VariantName = "[No Variations]"
Add component (AddParameter): Name = "ComponentLink2URL"; Value = "https://www.murata.com/"; VariantName = "[No Variations]"
Add component (AddParameter): Name = "ComponentLink4Description"; Value = "Описание конденсатора на сайте производителя (Murata)"; VariantName = "[No Variations]"
Add component (AddParameter): Name = "ComponentLink4URL"; Value = "https://www.murata.com/en-global/products/productdetail.aspx?partno=GCM188R71C105KA64%23"; VariantName = "[No Variations]"
Add component (AddParameter): Name = "Cost"; Value = "20"; VariantName = "[No Variations]"
Add component (AddParameter): Name = "ID"; Value = "C0041"; VariantName = "[No Variations]"
Add component (AddParameter): Name = "Manufacturer"; Value = "Murata"; VariantName = "[No Variations]"
Add component (AddParameter): Name = "ManufacturerPartNumber"; Value = "GCM188R71C105MA64"; VariantName = "[No Variations]"
Add component (AddParameter): Name = "Name_for_setter"; Value = "0603-1мк±20%/16В--GCM188R71C105MA64 *** SMD"; VariantName = "[No Variations]"
Add component (AddParameter): Name = "Operating Temperature"; Value = "-55°C ~ 125°C"; VariantName = "[No Variations]"
Add component (AddParameter): Name = "Power/Voltage"; Value = "16В"; VariantName = "[No Variations]"
Add component (AddParameter): Name = "Rem"; Value = "SMD"; VariantName = "[No Variations]"
Add component (AddParameter): Name = "SMD"; Value = "SMD"; VariantName = "[No Variations]"
Add component (AddParameter): Name = "TKE"; Value = "X7R"; VariantName = "[No Variations]"
Add component (AddParameter): Name = "Tolerance"; Value = "±20%"; VariantName = "[No Variations]"
Add component (AddParameter): Name = "Value"; Value = "330п"; VariantName = "[No Variations]"
Add component (AddParameter): Name = "ВП/ОТК"; Value = "AEC-Q200"; VariantName = "[No Variations]"
Add component (AddParameter): Name = "Корпус"; Value = "0603"; VariantName = "[No Variations]"
Add component (AddParameter): Name = "Примечание"; Value = "Murata"; VariantName = "[No Variations]"
Add component (AddParameter): Name = "Тип расширенный"; Value = "Конденсатор"; VariantName = "[No Variations]"
Add component (AddParameter): Name = "Тип элемента"; Value = "Конденсатор"; VariantName = "[No Variations]"
Added Component: Designator=C4(C0805)
Add component (AddParameter): Name = "ClassName"; Value = ""; VariantName = "[No Variations]"
Add component (AddParameter): Name = "ComponentLink1Description"; Value = "Параметры конденсатора (на сайте производителя - Монолит)"; VariantName = "[No Variations]"
Add component (AddParameter): Name = "ComponentLink1URL"; Value = "http://www.monolit.vitebsk.by/ru/?f=production_01_2"; VariantName = "[No Variations]"
Add component (AddParameter): Name = "ComponentLink2Description"; Value = "Сайт производителя"; VariantName = "[No Variations]"
Add component (AddParameter): Name = "ComponentLink2URL"; Value = "http://www.monolit.vitebsk.by/"; VariantName = "[No Variations]"
Add component (AddParameter): Name = "ComponentLink4Description"; Value = "Описание серии К10-47 (локальное)"; VariantName = "[No Variations]"
Add component (AddParameter): Name = "ComponentLink4URL"; Value = "D:/AltiumDoc/Library/Datasheets/Monolit/K10-47M.pdf"; VariantName = "[No Variations]"
Add component (AddParameter): Name = "ID"; Value = "C0009"; VariantName = "[No Variations]"
Add component (AddParameter): Name = "Manufacturer"; Value = "Монолит"; VariantName = "[No Variations]"
Add component (AddParameter): Name = "ManufacturerPartNumber"; Value = "К10-47Мв - 2012М-50В-0,01 мкФ±20%-Н20-N"; VariantName = "[No Variations]"
Add component (AddParameter): Name = "Name_for_setter"; Value = "0805-0,01мк±20%/50В--К10-47Мв - 2012М-50В-0,01 мкФ±20%-Н20-N *** SMD"; VariantName = "[No Variations]"
Add component (AddParameter): Name = "Operating Temperature"; Value = "-60°C ~ 125°C"; VariantName = "[No Variations]"
Add component (AddParameter): Name = "Power/Voltage"; Value = "50В"; VariantName = "[No Variations]"
Add component (AddParameter): Name = "Rem"; Value = "SMD"; VariantName = "[No Variations]"
Add component (AddParameter): Name = "SMD"; Value = "SMD"; VariantName = "[No Variations]"
Add component (AddParameter): Name = "TKE"; Value = "Н20"; VariantName = "[No Variations]"
Add component (AddParameter): Name = "Tolerance"; Value = "±20%"; VariantName = "[No Variations]"
Add component (AddParameter): Name = "Value"; Value = "0,01мк"; VariantName = "[No Variations]"
Add component (AddParameter): Name = "ВП/ОТК"; Value = "ВП"; VariantName = "[No Variations]"
Add component (AddParameter): Name = "Корпус"; Value = "0805"; VariantName = "[No Variations]"
Add component (AddParameter): Name = "ОКП"; Value = "621000"; VariantName = "[No Variations]"
Add component (AddParameter): Name = "Примечание"; Value = ""; VariantName = "[No Variations]"
Add component (AddParameter): Name = "Тип расширенный"; Value = "Конденсатор"; VariantName = "[No Variations]"
Add component (AddParameter): Name = "Тип элемента"; Value = "Конденсатор"; VariantName = "[No Variations]"
Add component (AddParameter): Name = "ТУ"; Value = "ОЖ0.460.174-М ТУ"; VariantName = "[No Variations]"
Added Component: Designator=C5(C0805)
Add component (AddParameter): Name = "ClassName"; Value = ""; VariantName = "[No Variations]"
Add component (AddParameter): Name = "ComponentLink1Description"; Value = "Параметры конденсатора (Yageo)"; VariantName = "[No Variations]"
Add component (AddParameter): Name = "ComponentLink1URL"; Value = "D:/AltiumDoc/Library/Datasheets/Yageo/CC0805MKX5R8BB226.pdf"; VariantName = "[No Variations]"
Add component (AddParameter): Name = "ComponentLink2Description"; Value = "Сайт производителя"; VariantName = "[No Variations]"
Add component (AddParameter): Name = "ComponentLink2URL"; Value = "https://www.yageo.com/"; VariantName = "[No Variations]"
Add component (AddParameter): Name = "ComponentLink3Description"; Value = "Страница поставщика (Платан)"; VariantName = "[No Variations]"
Add component (AddParameter): Name = "ComponentLink3URL"; Value = "https://www.platan.ru/cgi-bin/qwery.pl/id=2015146779"; VariantName = "[No Variations]"
Add component (AddParameter): Name = "ComponentLink4Description"; Value = "Описание конденсатора на сайте производителя"; VariantName = "[No Variations]"
Add component (AddParameter): Name = "ComponentLink4URL"; Value = "https://www.yageo.com/en/Chart/Download/pdf/CC0805MKX5R8BB226"; VariantName = "[No Variations]"
Add component (AddParameter): Name = "Cost"; Value = "6,08"; VariantName = "[No Variations]"
Add component (AddParameter): Name = "ID"; Value = "C0079"; VariantName = "[No Variations]"
Add component (AddParameter): Name = "Manufacturer"; Value = "Yageo"; VariantName = "[No Variations]"
Add component (AddParameter): Name = "ManufacturerPartNumber"; Value = "CC0805MKX5R5BB476"; VariantName = "[No Variations]"
Add component (AddParameter): Name = "Name_for_setter"; Value = "0805-22мк±20%/25В--CC0805MKX5R5BB476 *** SMD"; VariantName = "[No Variations]"
Add component (AddParameter): Name = "Operating Temperature"; Value = "-55°C ~ 85°C"; VariantName = "[No Variations]"
Add component (AddParameter): Name = "Power/Voltage"; Value = "25В"; VariantName = "[No Variations]"
Add component (AddParameter): Name = "Rem"; Value = "SMD"; VariantName = "[No Variations]"
Add component (AddParameter): Name = "SMD"; Value = "SMD"; VariantName = "[No Variations]"
Add component (AddParameter): Name = "TKE"; Value = "X5R"; VariantName = "[No Variations]"
Add component (AddParameter): Name = "Tolerance"; Value = "±20%"; VariantName = "[No Variations]"
Add component (AddParameter): Name = "Value"; Value = "22мк"; VariantName = "[No Variations]"
Add component (AddParameter): Name = "ВП/ОТК"; Value = "Импорт"; VariantName = "[No Variations]"
Add component (AddParameter): Name = "Корпус"; Value = "0805"; VariantName = "[No Variations]"
Add component (AddParameter): Name = "Примечание"; Value = "Yageo"; VariantName = "[No Variations]"
Add component (AddParameter): Name = "Тип расширенный"; Value = "Конденсатор"; VariantName = "[No Variations]"
Add component (AddParameter): Name = "Тип элемента"; Value = "Конденсатор"; VariantName = "[No Variations]"
Added Component: Designator=DA1(SO8_PowerPad)
Add component (AddParameter): Name = "ClassName"; Value = ""; VariantName = "[No Variations]"
Add component (AddParameter): Name = "ComponentLink1Description"; Value = "Параметры DC/DC преобразователя (MPS)"; VariantName = "[No Variations]"
Add component (AddParameter): Name = "ComponentLink1URL"; Value = "D:/AltiumDoc/Library/Datasheets/MPS/MP2307.pdf"; VariantName = "[No Variations]"
Add component (AddParameter): Name = "ComponentLink2Description"; Value = "Сайт производителя"; VariantName = "[No Variations]"
Add component (AddParameter): Name = "ComponentLink2URL"; Value = "https://www.monolithicpower.com/en/"; VariantName = "[No Variations]"
Add component (AddParameter): Name = "ComponentLink3Description"; Value = "Сайт поставщика (Чип и Дип)"; VariantName = "[No Variations]"
Add component (AddParameter): Name = "ComponentLink3URL"; Value = "https://www.chipdip.ru/product/mp2307dn"; VariantName = "[No Variations]"
Add component (AddParameter): Name = "ComponentLink4Description"; Value = "Страница на сайте производителя"; VariantName = "[No Variations]"
Add component (AddParameter): Name = "ComponentLink4URL"; Value = "https://www.monolithicpower.com/en/mp2307.html"; VariantName = "[No Variations]"
Add component (AddParameter): Name = "Cost"; Value = "130"; VariantName = "[No Variations]"
Add component (AddParameter): Name = "DIR"; Value = "DIR"; VariantName = "[No Variations]"
Add component (AddParameter): Name = "ID"; Value = "DP0035"; VariantName = "[No Variations]"
Add component (AddParameter): Name = "Manufacturer"; Value = "MPS"; VariantName = "[No Variations]"
Add component (AddParameter): Name = "ManufacturerPartNumber"; Value = "MP2307DN-LF-Z"; VariantName = "[No Variations]"
Add component (AddParameter): Name = "Name_for_setter"; Value = "MP2307DN-LF-Z *** DIR***SMD"; VariantName = "[No Variations]"
Add component (AddParameter): Name = "Operating Temperature"; Value = "-40°C ~ 85°C"; VariantName = "[No Variations]"
Add component (AddParameter): Name = "Rem"; Value = "DC/DC"; VariantName = "[No Variations]"
Add component (AddParameter): Name = "SMD"; Value = "SMD"; VariantName = "[No Variations]"
Add component (AddParameter): Name = "Storage Temperature"; Value = "-65°C ~ 150°C"; VariantName = "[No Variations]"
Add component (AddParameter): Name = "ВП/ОТК"; Value = "Импорт"; VariantName = "[No Variations]"
Add component (AddParameter): Name = "Корпус"; Value = "SO8-PowPad"; VariantName = "[No Variations]"
Add component (AddParameter): Name = "ОКП"; Value = "импорт"; VariantName = "[No Variations]"
Add component (AddParameter): Name = "Примечание"; Value = "MPS"; VariantName = "[No Variations]"
Add component (AddParameter): Name = "Тип расширенный"; Value = "Микросхема"; VariantName = "[No Variations]"
Add component (AddParameter): Name = "Тип элемента"; Value = "Микросхема"; VariantName = "[No Variations]"
Added Component: Designator=L1(SRR0604)
Add component (AddParameter): Name = "ClassName"; Value = ""; VariantName = "[No Variations]"
Add component (AddParameter): Name = "ComponentLink1Description"; Value = "Параметры чип-индуктивности (Bourns)"; VariantName = "[No Variations]"
Add component (AddParameter): Name = "ComponentLink1URL"; Value = "D:/AltiumDoc/Library/Datasheets/Bourns/Inductors/SRR0604.pdf"; VariantName = "[No Variations]"
Add component (AddParameter): Name = "ComponentLink2Description"; Value = "Сайт производителя"; VariantName = "[No Variations]"
Add component (AddParameter): Name = "ComponentLink2URL"; Value = "https://www.bourns.com/"; VariantName = "[No Variations]"
Add component (AddParameter): Name = "ComponentLink3Description"; Value = "Страница на сайте поставщика (Чип и Дип)"; VariantName = "[No Variations]"
Add component (AddParameter): Name = "ComponentLink3URL"; Value = "https://www.chipdip.ru/product/srr0604-6r8ml"; VariantName = "[No Variations]"
Add component (AddParameter): Name = "Cost"; Value = "20"; VariantName = "[No Variations]"
Add component (AddParameter): Name = "ID"; Value = "L0005"; VariantName = "[No Variations]"
Add component (AddParameter): Name = "Manufacturer"; Value = "Bourns"; VariantName = "[No Variations]"
Add component (AddParameter): Name = "ManufacturerPartNumber"; Value = "SRR0604-6R8ML"; VariantName = "[No Variations]"
Add component (AddParameter): Name = "Name_for_setter"; Value = "6,5х6,5х4,8мм-6,8мкГн±20%--SRR0604-6R8ML***SMD"; VariantName = "[No Variations]"
Add component (AddParameter): Name = "Operating Temperature"; Value = "-40°C ~ 125°C"; VariantName = "[No Variations]"
Add component (AddParameter): Name = "Power/Voltage"; Value = "1.6A"; VariantName = "[No Variations]"
Add component (AddParameter): Name = "Rem"; Value = "Induct"; VariantName = "[No Variations]"
Add component (AddParameter): Name = "SMD"; Value = "SMD"; VariantName = "[No Variations]"
Add component (AddParameter): Name = "Storage Temperature"; Value = "-40°C ~ 125°C"; VariantName = "[No Variations]"
Add component (AddParameter): Name = "Tolerance"; Value = "±20%"; VariantName = "[No Variations]"
Add component (AddParameter): Name = "Value"; Value = "22мкГн"; VariantName = "[No Variations]"
Add component (AddParameter): Name = "ВП/ОТК"; Value = "Импорт"; VariantName = "[No Variations]"
Add component (AddParameter): Name = "Корпус"; Value = "6,5х6,5х4,8мм"; VariantName = "[No Variations]"
Add component (AddParameter): Name = "ОКП"; Value = "импорт"; VariantName = "[No Variations]"
Add component (AddParameter): Name = "Примечание"; Value = "Bourns"; VariantName = "[No Variations]"
Add component (AddParameter): Name = "Тип расширенный"; Value = "Чип-индуктивность"; VariantName = "[No Variations]"
Add component (AddParameter): Name = "Тип элемента"; Value = "Чип-индуктивность"; VariantName = "[No Variations]"
Added Component: Designator=R1(R0805)
Add component (AddParameter): Name = "ClassName"; Value = ""; VariantName = "[No Variations]"
Add component (AddParameter): Name = "ComponentLink1Description"; Value = "Параметры резисторов серии RC (Yageo)"; VariantName = "[No Variations]"
Add component (AddParameter): Name = "ComponentLink1URL"; Value = "D:/AltiumDoc/Library/Datasheets/Yageo/Resistors_RC_L_series_Yageo.pdf"; VariantName = "[No Variations]"
Add component (AddParameter): Name = "ComponentLink2Description"; Value = "Сайт производителя"; VariantName = "[No Variations]"
Add component (AddParameter): Name = "ComponentLink2URL"; Value = "https://www.yageo.com/en/Home"; VariantName = "[No Variations]"
Add component (AddParameter): Name = "ComponentLink3Description"; Value = "Сайт поставщика (Чип и Дип)"; VariantName = "[No Variations]"
Add component (AddParameter): Name = "ComponentLink3URL"; Value = "https://www.chipdip.ru/product/0.125w-0805-62-om-1"; VariantName = "[No Variations]"
Add component (AddParameter): Name = "Cost"; Value = "4"; VariantName = "[No Variations]"
Add component (AddParameter): Name = "ID"; Value = "R0206"; VariantName = "[No Variations]"
Add component (AddParameter): Name = "Manufacturer"; Value = "Yageo"; VariantName = "[No Variations]"
Add component (AddParameter): Name = "ManufacturerPartNumber"; Value = "RC0805FR-0762RL"; VariantName = "[No Variations]"
Add component (AddParameter): Name = "Name_for_setter"; Value = "0805-62,0±1%/0,125Вт--RC0805FR-0762RL *** SMD"; VariantName = "[No Variations]"
Add component (AddParameter): Name = "Operating Temperature"; Value = "-55°C ~ 155°C"; VariantName = "[No Variations]"
Add component (AddParameter): Name = "Power/Voltage"; Value = "0,125Вт"; VariantName = "[No Variations]"
Add component (AddParameter): Name = "Rem"; Value = "SMD"; VariantName = "[No Variations]"
Add component (AddParameter): Name = "SMD"; Value = "SMD"; VariantName = "[No Variations]"
Add component (AddParameter): Name = "TKE"; Value = "±100"; VariantName = "[No Variations]"
Add component (AddParameter): Name = "Tolerance"; Value = "±1%"; VariantName = "[No Variations]"
Add component (AddParameter): Name = "Value"; Value = "100к"; VariantName = "[No Variations]"
Add component (AddParameter): Name = "ВП/ОТК"; Value = "Импорт"; VariantName = "[No Variations]"
Add component (AddParameter): Name = "Корпус"; Value = "0805"; VariantName = "[No Variations]"
Add component (AddParameter): Name = "Примечание"; Value = "Yageo"; VariantName = "[No Variations]"
Add component (AddParameter): Name = "Тип расширенный"; Value = "Резистор"; VariantName = "[No Variations]"
Add component (AddParameter): Name = "Тип элемента"; Value = "Резистор"; VariantName = "[No Variations]"
Added Component: Designator=R2(R0805)
Add component (AddParameter): Name = "ClassName"; Value = ""; VariantName = "[No Variations]"
Add component (AddParameter): Name = "ComponentLink1Description"; Value = "Параметры резисторов серии RC (Yageo)"; VariantName = "[No Variations]"
Add component (AddParameter): Name = "ComponentLink1URL"; Value = "D:/AltiumDoc/Library/Datasheets/Yageo/Resistors_RC_L_series_Yageo.pdf"; VariantName = "[No Variations]"
Add component (AddParameter): Name = "ComponentLink2Description"; Value = "Сайт производителя"; VariantName = "[No Variations]"
Add component (AddParameter): Name = "ComponentLink2URL"; Value = "https://www.yageo.com/en/Home"; VariantName = "[No Variations]"
Add component (AddParameter): Name = "ComponentLink3Description"; Value = "Сайт поставщика (Чип и Дип)"; VariantName = "[No Variations]"
Add component (AddParameter): Name = "ComponentLink3URL"; Value = "https://www.chipdip.ru/product/0.125w-0805-62-om-1"; VariantName = "[No Variations]"
Add component (AddParameter): Name = "Cost"; Value = "4"; VariantName = "[No Variations]"
Add component (AddParameter): Name = "ID"; Value = "R0206"; VariantName = "[No Variations]"
Add component (AddParameter): Name = "Manufacturer"; Value = "Yageo"; VariantName = "[No Variations]"
Add component (AddParameter): Name = "ManufacturerPartNumber"; Value = "RC0805FR-0762RL"; VariantName = "[No Variations]"
Add component (AddParameter): Name = "Name_for_setter"; Value = "0805-62,0±1%/0,125Вт--RC0805FR-0762RL *** SMD"; VariantName = "[No Variations]"
Add component (AddParameter): Name = "Operating Temperature"; Value = "-55°C ~ 155°C"; VariantName = "[No Variations]"
Add component (AddParameter): Name = "Power/Voltage"; Value = "0,125Вт"; VariantName = "[No Variations]"
Add component (AddParameter): Name = "Rem"; Value = "SMD"; VariantName = "[No Variations]"
Add component (AddParameter): Name = "SMD"; Value = "SMD"; VariantName = "[No Variations]"
Add component (AddParameter): Name = "TKE"; Value = "±100"; VariantName = "[No Variations]"
Add component (AddParameter): Name = "Tolerance"; Value = "±1%"; VariantName = "[No Variations]"
Add component (AddParameter): Name = "Value"; Value = "6,8к"; VariantName = "[No Variations]"
Add component (AddParameter): Name = "ВП/ОТК"; Value = "Импорт"; VariantName = "[No Variations]"
Add component (AddParameter): Name = "Корпус"; Value = "0805"; VariantName = "[No Variations]"
Add component (AddParameter): Name = "Примечание"; Value = "Yageo"; VariantName = "[No Variations]"
Add component (AddParameter): Name = "Тип расширенный"; Value = "Резистор"; VariantName = "[No Variations]"
Add component (AddParameter): Name = "Тип элемента"; Value = "Резистор"; VariantName = "[No Variations]"
Added Component: Designator=R3(R0603)
Add component (AddParameter): Name = "ClassName"; Value = ""; VariantName = "[No Variations]"
Add component (AddParameter): Name = "ComponentLink1Description"; Value = "Параметры резисторов серии Р1-12 ОТК (0.1Вт, АО "Ресурс")"; VariantName = "[No Variations]"
Add component (AddParameter): Name = "ComponentLink1URL"; Value = "D:/AltiumDoc/Library/Datasheets/Resurs/R1_12-SHKAB.434110.024TU.pdf"; VariantName = "[No Variations]"
Add component (AddParameter): Name = "ComponentLink2Description"; Value = "Сайт производителя"; VariantName = "[No Variations]"
Add component (AddParameter): Name = "ComponentLink2URL"; Value = "https://aoresurs.com/"; VariantName = "[No Variations]"
Add component (AddParameter): Name = "ComponentLink4Description"; Value = "Протокол цены"; VariantName = "[No Variations]"
Add component (AddParameter): Name = "ComponentLink4URL"; Value = "D:/AltiumDoc/Library/Datasheets/Resurs/preiskurant_Р1-12 ШКАБ.434110.024 ТУ.PDF"; VariantName = "[No Variations]"
Add component (AddParameter): Name = "ComponentLink5Description"; Value = "Страница на сайте производителя"; VariantName = "[No Variations]"
Add component (AddParameter): Name = "ComponentLink5URL"; Value = "https://aoresurs.com/catalog/chip_rezistory/rezistory-r1-12-priemka-otk/"; VariantName = "[No Variations]"
Add component (AddParameter): Name = "Cost"; Value = "4,1"; VariantName = "[No Variations]"
Add component (AddParameter): Name = "ID"; Value = "R0238"; VariantName = "[No Variations]"
Add component (AddParameter): Name = "Manufacturer"; Value = "Ресурс"; VariantName = "[No Variations]"
Add component (AddParameter): Name = "ManufacturerPartNumber"; Value = "Р1-12-0,1-13,0 кОм±1%"; VariantName = "[No Variations]"
Add component (AddParameter): Name = "Name_for_setter"; Value = "0603-13,0к±1%/0,1Вт--Р1-12-0,1-13,0 кОм±1% *** SMD"; VariantName = "[No Variations]"
Add component (AddParameter): Name = "Operating Temperature"; Value = "-60°C ~ 155°C"; VariantName = "[No Variations]"
Add component (AddParameter): Name = "Power/Voltage"; Value = "0,1Вт"; VariantName = "[No Variations]"
Add component (AddParameter): Name = "Rem"; Value = "SMD"; VariantName = "[No Variations]"
Add component (AddParameter): Name = "SMD"; Value = "SMD"; VariantName = "[No Variations]"
Add component (AddParameter): Name = "TKE"; Value = "±100"; VariantName = "[No Variations]"
Add component (AddParameter): Name = "Tolerance"; Value = "±1%"; VariantName = "[No Variations]"
Add component (AddParameter): Name = "Value"; Value = "1,3к"; VariantName = "[No Variations]"
Add component (AddParameter): Name = "ВП/ОТК"; Value = "ОТК"; VariantName = "[No Variations]"
Add component (AddParameter): Name = "Корпус"; Value = "0603"; VariantName = "[No Variations]"
Add component (AddParameter): Name = "ОКП"; Value = "601000"; VariantName = "[No Variations]"
Add component (AddParameter): Name = "Примечание"; Value = ""; VariantName = "[No Variations]"
Add component (AddParameter): Name = "Тип расширенный"; Value = "Резистор"; VariantName = "[No Variations]"
Add component (AddParameter): Name = "Тип элемента"; Value = "Резистор"; VariantName = "[No Variations]"
Add component (AddParameter): Name = "ТУ"; Value = "ШКАБ.434110.024 ТУ"; VariantName = "[No Variations]"
Added Component: Designator=R4(R0603)
Add component (AddParameter): Name = "ClassName"; Value = ""; VariantName = "[No Variations]"
Add component (AddParameter): Name = "ComponentLink1Description"; Value = "Параметры резисторов серии Р1-12 ОТК (0.1Вт, АО "Ресурс")"; VariantName = "[No Variations]"
Add component (AddParameter): Name = "ComponentLink1URL"; Value = "D:/AltiumDoc/Library/Datasheets/Resurs/R1_12-SHKAB.434110.024TU.pdf"; VariantName = "[No Variations]"
Add component (AddParameter): Name = "ComponentLink2Description"; Value = "Сайт производителя"; VariantName = "[No Variations]"
Add component (AddParameter): Name = "ComponentLink2URL"; Value = "https://aoresurs.com/"; VariantName = "[No Variations]"
Add component (AddParameter): Name = "ComponentLink4Description"; Value = "Протокол цены"; VariantName = "[No Variations]"
Add component (AddParameter): Name = "ComponentLink4URL"; Value = "D:/AltiumDoc/Library/Datasheets/Resurs/preiskurant_Р1-12 ШКАБ.434110.024 ТУ.PDF"; VariantName = "[No Variations]"
Add component (AddParameter): Name = "ComponentLink5Description"; Value = "Страница на сайте производителя"; VariantName = "[No Variations]"
Add component (AddParameter): Name = "ComponentLink5URL"; Value = "https://aoresurs.com/catalog/chip_rezistory/rezistory-r1-12-priemka-otk/"; VariantName = "[No Variations]"
Add component (AddParameter): Name = "Cost"; Value = "4,1"; VariantName = "[No Variations]"
Add component (AddParameter): Name = "ID"; Value = "R0240"; VariantName = "[No Variations]"
Add component (AddParameter): Name = "Manufacturer"; Value = "Ресурс"; VariantName = "[No Variations]"
Add component (AddParameter): Name = "ManufacturerPartNumber"; Value = "Р1-12-0,1-47,5 кОм±1%"; VariantName = "[No Variations]"
Add component (AddParameter): Name = "Name_for_setter"; Value = "0603-47,5к±1%/0,1Вт--Р1-12-0,1-47,5 кОм±1% *** SMD"; VariantName = "[No Variations]"
Add component (AddParameter): Name = "Operating Temperature"; Value = "-60°C ~ 155°C"; VariantName = "[No Variations]"
Add component (AddParameter): Name = "Power/Voltage"; Value = "0,1Вт"; VariantName = "[No Variations]"
Add component (AddParameter): Name = "Rem"; Value = "SMD"; VariantName = "[No Variations]"
Add component (AddParameter): Name = "SMD"; Value = "SMD"; VariantName = "[No Variations]"
Add component (AddParameter): Name = "TKE"; Value = "±100"; VariantName = "[No Variations]"
Add component (AddParameter): Name = "Tolerance"; Value = "±1%"; VariantName = "[No Variations]"
Add component (AddParameter): Name = "Value"; Value = "47к"; VariantName = "[No Variations]"
Add component (AddParameter): Name = "ВП/ОТК"; Value = "ОТК"; VariantName = "[No Variations]"
Add component (AddParameter): Name = "Корпус"; Value = "0603"; VariantName = "[No Variations]"
Add component (AddParameter): Name = "ОКП"; Value = "601000"; VariantName = "[No Variations]"
Add component (AddParameter): Name = "Примечание"; Value = ""; VariantName = "[No Variations]"
Add component (AddParameter): Name = "Тип расширенный"; Value = "Резистор"; VariantName = "[No Variations]"
Add component (AddParameter): Name = "Тип элемента"; Value = "Резистор"; VariantName = "[No Variations]"
Add component (AddParameter): Name = "ТУ"; Value = "ШКАБ.434110.024 ТУ"; VariantName = "[No Variations]"
Added Component: Designator=RP1(R_adj_3314J)
Add component (AddParameter): Name = "ClassName"; Value = ""; VariantName = "[No Variations]"
Add component (AddParameter): Name = "ComponentLink1Description"; Value = "Описание подстроечного резистора (Bourns)"; VariantName = "[No Variations]"
Add component (AddParameter): Name = "ComponentLink1URL"; Value = "D:/AltiumDoc/Library/Datasheets/Bourns/Resistors_3314_series.pdf"; VariantName = "[No Variations]"
Add component (AddParameter): Name = "ComponentLink2Description"; Value = "Сайт производителя"; VariantName = "[No Variations]"
Add component (AddParameter): Name = "ComponentLink2URL"; Value = "https://www.bourns.com/"; VariantName = "[No Variations]"
Add component (AddParameter): Name = "ComponentLink3Description"; Value = "Страница поставщика (Чип и Дип)"; VariantName = "[No Variations]"
Add component (AddParameter): Name = "ComponentLink3URL"; Value = "https://www.chipdip.ru/product/3314j-1-103e"; VariantName = "[No Variations]"
Add component (AddParameter): Name = "ComponentLink4Description"; Value = "Страница на сайте производителя"; VariantName = "[No Variations]"
Add component (AddParameter): Name = "ComponentLink4URL"; Value = "https://www.bourns.com/products/trimpot-trimming-potentiometers/trimpot-trimming-potentiometers-single-turn/product/3314"; VariantName = "[No Variations]"
Add component (AddParameter): Name = "Cost"; Value = "52"; VariantName = "[No Variations]"
Add component (AddParameter): Name = "DIR"; Value = "DIR"; VariantName = "[No Variations]"
Add component (AddParameter): Name = "ID"; Value = "RA0004"; VariantName = "[No Variations]"
Add component (AddParameter): Name = "Manufacturer"; Value = "Bourns"; VariantName = "[No Variations]"
Add component (AddParameter): Name = "ManufacturerPartNumber"; Value = "3314J-1-103E"; VariantName = "[No Variations]"
Add component (AddParameter): Name = "Name_for_setter"; Value = "3314J-1-103E *** DIR***SMD"; VariantName = "[No Variations]"
Add component (AddParameter): Name = "Operating Temperature"; Value = "-55°C ~ 125°C"; VariantName = "[No Variations]"
Add component (AddParameter): Name = "Power/Voltage"; Value = "0.25Вт"; VariantName = "[No Variations]"
Add component (AddParameter): Name = "Rem"; Value = "ADJ"; VariantName = "[No Variations]"
Add component (AddParameter): Name = "SMD"; Value = "SMD"; VariantName = "[No Variations]"
Add component (AddParameter): Name = "Tolerance"; Value = "±20%"; VariantName = "[No Variations]"
Add component (AddParameter): Name = "Value"; Value = "10к"; VariantName = "[No Variations]"
Add component (AddParameter): Name = "ВП/ОТК"; Value = "Импорт"; VariantName = "[No Variations]"
Add component (AddParameter): Name = "Корпус"; Value = "3314J"; VariantName = "[No Variations]"
Add component (AddParameter): Name = "Примечание"; Value = "Bourns"; VariantName = "[No Variations]"
Add component (AddParameter): Name = "Тип расширенный"; Value = "Резистор подстроечный"; VariantName = "[No Variations]"
Add component (AddParameter): Name = "Тип элемента"; Value = "Резистор"; VariantName = "[No Variations]"
Added Component: Designator=VD1(DO214Aa)
Add component (AddParameter): Name = "ClassName"; Value = ""; VariantName = "[No Variations]"
Add component (AddParameter): Name = "ComponentLink1Description"; Value = "Параметры диода Шоттки (Diotec Semiconductor)"; VariantName = "[No Variations]"
Add component (AddParameter): Name = "ComponentLink1URL"; Value = "D:/AltiumDoc/Library/Datasheets/Diotec_Semiconductor/sk52_SK515.pdf"; VariantName = "[No Variations]"
Add component (AddParameter): Name = "ComponentLink2Description"; Value = "Сайт производителя"; VariantName = "[No Variations]"
Add component (AddParameter): Name = "ComponentLink2URL"; Value = "https://diotec.com/"; VariantName = "[No Variations]"
Add component (AddParameter): Name = "ComponentLink3Description"; Value = "Страница поставщика (Чип и Дип)"; VariantName = "[No Variations]"
Add component (AddParameter): Name = "ComponentLink3URL"; Value = "https://www.chipdip.ru/product/sk56"; VariantName = "[No Variations]"
Add component (AddParameter): Name = "Cost"; Value = "10"; VariantName = "[No Variations]"
Add component (AddParameter): Name = "DIR"; Value = "DIR"; VariantName = "[No Variations]"
Add component (AddParameter): Name = "ID"; Value = "VD0025"; VariantName = "[No Variations]"
Add component (AddParameter): Name = "Manufacturer"; Value = "Diotec Semiconductor"; VariantName = "[No Variations]"
Add component (AddParameter): Name = "ManufacturerPartNumber"; Value = "SK56"; VariantName = "[No Variations]"
Add component (AddParameter): Name = "Name_for_setter"; Value = "SK56 *** DIR *** SMD"; VariantName = "[No Variations]"
Add component (AddParameter): Name = "Operating Temperature"; Value = "-50°C ~ 150°C"; VariantName = "[No Variations]"
Add component (AddParameter): Name = "Rem"; Value = "Shottky Diode"; VariantName = "[No Variations]"
Add component (AddParameter): Name = "SMD"; Value = "SMD"; VariantName = "[No Variations]"
Add component (AddParameter): Name = "Storage Temperature"; Value = "-50°C ~ 150°C"; VariantName = "[No Variations]"
Add component (AddParameter): Name = "ВП/ОТК"; Value = "Импорт"; VariantName = "[No Variations]"
Add component (AddParameter): Name = "Корпус"; Value = "DO-214AA"; VariantName = "[No Variations]"
Add component (AddParameter): Name = "ОКП"; Value = "импорт"; VariantName = "[No Variations]"
Add component (AddParameter): Name = "Примечание"; Value = "Diotec Semiconductor"; VariantName = "[No Variations]"
Add component (AddParameter): Name = "Тип расширенный"; Value = "Диод Шоттки"; VariantName = "[No Variations]"
Add component (AddParameter): Name = "Тип элемента"; Value = "Диод"; VariantName = "[No Variations]"
Added Component: Designator=XP1(DG308-2.54-02P)
Add component (AddParameter): Name = "ClassName"; Value = ""; VariantName = "[No Variations]"
Add component (AddParameter): Name = "ComponentLink1Description"; Value = "Чертеж впаиваемой части разъемного клеммника (Degson)"; VariantName = "[No Variations]"
Add component (AddParameter): Name = "ComponentLink1URL"; Value = "D:/AltiumDoc/Library/Datasheets/Degson/DG308-2.54-XXP-1Y-00A(H) T0-1.pdf"; VariantName = "[No Variations]"
Add component (AddParameter): Name = "ComponentLink2Description"; Value = "Сайт производителя"; VariantName = "[No Variations]"
Add component (AddParameter): Name = "ComponentLink2URL"; Value = "https://www.degson.com/"; VariantName = "[No Variations]"
Add component (AddParameter): Name = "ComponentLink3Description"; Value = "Страница поставщика (Чип и Дип)"; VariantName = "[No Variations]"
Add component (AddParameter): Name = "ComponentLink3URL"; Value = "https://www.chipdip.ru/product0/8011963437"; VariantName = "[No Variations]"
Add component (AddParameter): Name = "ComponentLink4Description"; Value = "Страница на сайте производителя"; VariantName = "[No Variations]"
Add component (AddParameter): Name = "ComponentLink4URL"; Value = "https://www.degson.com/content/details_552_879336.html?lang=en"; VariantName = "[No Variations]"
Add component (AddParameter): Name = "Cost"; Value = "15"; VariantName = "[No Variations]"
Add component (AddParameter): Name = "ID"; Value = "X0186"; VariantName = "[No Variations]"
Add component (AddParameter): Name = "Manufacturer"; Value = "Degson"; VariantName = "[No Variations]"
Add component (AddParameter): Name = "ManufacturerPartNumber"; Value = "DG308-2.54-02P"; VariantName = "[No Variations]"
Add component (AddParameter): Name = "Name_for_setter"; Value = "DG308-2.54-02P"; VariantName = "[No Variations]"
Add component (AddParameter): Name = "Operating Temperature"; Value = "-40°C ~ 105°C"; VariantName = "[No Variations]"
Add component (AddParameter): Name = "Rem"; Value = "Розетка"; VariantName = "[No Variations]"
Add component (AddParameter): Name = "ВП/ОТК"; Value = "Импорт"; VariantName = "[No Variations]"
Add component (AddParameter): Name = "Контактов"; Value = "2"; VariantName = "[No Variations]"
Add component (AddParameter): Name = "ОКП"; Value = "импорт"; VariantName = "[No Variations]"
Add component (AddParameter): Name = "Примечание"; Value = "Degson"; VariantName = "[No Variations]"
Add component (AddParameter): Name = "Тип расширенный"; Value = "Соединитель"; VariantName = "[No Variations]"
Add component (AddParameter): Name = "Тип элемента"; Value = "Соединитель"; VariantName = "[No Variations]"
Added Component: Designator=XP2(DG308-2.54-02P)
Add component (AddParameter): Name = "ClassName"; Value = ""; VariantName = "[No Variations]"
Add component (AddParameter): Name = "ComponentLink1Description"; Value = "Чертеж впаиваемой части разъемного клеммника (Degson)"; VariantName = "[No Variations]"
Add component (AddParameter): Name = "ComponentLink1URL"; Value = "D:/AltiumDoc/Library/Datasheets/Degson/DG308-2.54-XXP-1Y-00A(H) T0-1.pdf"; VariantName = "[No Variations]"
Add component (AddParameter): Name = "ComponentLink2Description"; Value = "Сайт производителя"; VariantName = "[No Variations]"
Add component (AddParameter): Name = "ComponentLink2URL"; Value = "https://www.degson.com/"; VariantName = "[No Variations]"
Add component (AddParameter): Name = "ComponentLink3Description"; Value = "Страница поставщика (Чип и Дип)"; VariantName = "[No Variations]"
Add component (AddParameter): Name = "ComponentLink3URL"; Value = "https://www.chipdip.ru/product0/8011963437"; VariantName = "[No Variations]"
Add component (AddParameter): Name = "ComponentLink4Description"; Value = "Страница на сайте производителя"; VariantName = "[No Variations]"
Add component (AddParameter): Name = "ComponentLink4URL"; Value = "https://www.degson.com/content/details_552_879336.html?lang=en"; VariantName = "[No Variations]"
Add component (AddParameter): Name = "Cost"; Value = "15"; VariantName = "[No Variations]"
Add component (AddParameter): Name = "ID"; Value = "X0186"; VariantName = "[No Variations]"
Add component (AddParameter): Name = "Manufacturer"; Value = "Degson"; VariantName = "[No Variations]"
Add component (AddParameter): Name = "ManufacturerPartNumber"; Value = "DG308-2.54-02P"; VariantName = "[No Variations]"
Add component (AddParameter): Name = "Name_for_setter"; Value = "DG308-2.54-02P"; VariantName = "[No Variations]"
Add component (AddParameter): Name = "Operating Temperature"; Value = "-40°C ~ 105°C"; VariantName = "[No Variations]"
Add component (AddParameter): Name = "Rem"; Value = "Розетка"; VariantName = "[No Variations]"
Add component (AddParameter): Name = "ВП/ОТК"; Value = "Импорт"; VariantName = "[No Variations]"
Add component (AddParameter): Name = "Контактов"; Value = "2"; VariantName = "[No Variations]"
Add component (AddParameter): Name = "ОКП"; Value = "импорт"; VariantName = "[No Variations]"
Add component (AddParameter): Name = "Примечание"; Value = "Degson"; VariantName = "[No Variations]"
Add component (AddParameter): Name = "Тип расширенный"; Value = "Соединитель"; VariantName = "[No Variations]"
Add component (AddParameter): Name = "Тип элемента"; Value = "Соединитель"; VariantName = "[No Variations]"
Added Pin To Net: NetName=GND Pin=C1-2
Added Pin To Net: NetName=GND Pin=C2-2
Added Pin To Net: NetName=GND Pin=C5-2
Added Pin To Net: NetName=GND Pin=DA1-4
Added Pin To Net: NetName=GND Pin=R2-2
Added Pin To Net: NetName=GND Pin=R3-2
Added Pin To Net: NetName=GND Pin=VD1-1
Added Pin To Net: NetName=GND Pin=XP1-2
Added Pin To Net: NetName=GND Pin=XP2-2
Added Net: Name=GND
Added Pin To Net: NetName=NetC1_1 Pin=C1-1
Added Pin To Net: NetName=NetC1_1 Pin=DA1-2
Added Pin To Net: NetName=NetC1_1 Pin=R1-1
Added Pin To Net: NetName=NetC1_1 Pin=XP1-1
Added Net: Name=NetC1_1
Added Pin To Net: NetName=NetC2_1 Pin=C2-1
Added Pin To Net: NetName=NetC2_1 Pin=DA1-8
Added Net: Name=NetC2_1
Added Pin To Net: NetName=NetC3_1 Pin=C3-1
Added Pin To Net: NetName=NetC3_1 Pin=DA1-6
Added Net: Name=NetC3_1
Added Pin To Net: NetName=NetC3_2 Pin=C3-2
Added Pin To Net: NetName=NetC3_2 Pin=R2-1
Added Net: Name=NetC3_2
Added Pin To Net: NetName=NetC4_1 Pin=C4-1
Added Pin To Net: NetName=NetC4_1 Pin=DA1-1
Added Net: Name=NetC4_1
Added Pin To Net: NetName=NetC4_2 Pin=C4-2
Added Pin To Net: NetName=NetC4_2 Pin=DA1-3
Added Pin To Net: NetName=NetC4_2 Pin=L1-2
Added Pin To Net: NetName=NetC4_2 Pin=VD1-2
Added Net: Name=NetC4_2
Added Pin To Net: NetName=NetC5_1 Pin=C5-1
Added Pin To Net: NetName=NetC5_1 Pin=L1-1
Added Pin To Net: NetName=NetC5_1 Pin=R4-2
Added Pin To Net: NetName=NetC5_1 Pin=XP2-1
Added Net: Name=NetC5_1
Added Pin To Net: NetName=NetDA1_5 Pin=DA1-5
Added Pin To Net: NetName=NetDA1_5 Pin=R4-1
Added Pin To Net: NetName=NetDA1_5 Pin=RP1-3
Added Net: Name=NetDA1_5
Added Pin To Net: NetName=NetDA1_7 Pin=DA1-7
Added Pin To Net: NetName=NetDA1_7 Pin=R1-2
Added Net: Name=NetDA1_7
Added Pin To Net: NetName=NetR3_1 Pin=R3-1
Added Pin To Net: NetName=NetR3_1 Pin=RP1-1
Added Pin To Net: NetName=NetR3_1 Pin=RP1-2
Added Net: Name=NetR3_1
Added Class: Name=Схема преобразователя
Added Room: Name=Схема преобразователя
