Removed Pin From Net: NetName=GND Pin=XP1-1
Removed Pin From Net: NetName=NetC1_1 Pin=XP1-2
Removed Pin From Net: NetName=GND Pin=XP2-1
Removed Pin From Net: NetName=NetC5_1 Pin=XP2-2
Removed Member From Class: ClassName=Схема преобразователя Member=XP1
Removed Member From Class: ClassName=Схема преобразователя Member=XP2
Change Component Footprint: Designator=L1 Old Footprint=SRR0604 New Footprint=VLS6045
Change Component Comment : Designator=L1 Old Comment=Чип-индуктивность SRR0604-6R8ML (6,8мкГн±20% 1.6A) New Comment=Дроссель VLS6045EX-220M 22мкГн±20% 1,9А
Change component parameters: Designator = "L1" ("L1"); Footprint = "SRR0604"; UniqueID = "\TKJIYGAW" ("\TKJIYGAW")
Change component parameters (AddParameter): Name = "ClassName"; Value = ""; VariantName = "[No Variations]"
Change component parameters (AddParameter): Name = "ComponentLink1Description"; Value = "Параметры дросселя (TDK)"; VariantName = "[No Variations]"
Change component parameters (AddParameter): Name = "ComponentLink1URL"; Value = "D:/AltiumDoc/Library/Datasheets/TDK/inductor_commercial_power_vls6045ex_en.pdf"; VariantName = "[No Variations]"
Change component parameters (AddParameter): Name = "ComponentLink2Description"; Value = "Сайт производителя"; VariantName = "[No Variations]"
Change component parameters (AddParameter): Name = "ComponentLink2URL"; Value = "https://product.tdk.com/info/en/index.html"; VariantName = "[No Variations]"
Change component parameters (AddParameter): Name = "ComponentLink3Description"; Value = "Страница поставщика (Чип и Дип)"; VariantName = "[No Variations]"
Change component parameters (AddParameter): Name = "ComponentLink3URL"; Value = "https://www.chipdip.ru/product/vls6045ex-220m-22"; VariantName = "[No Variations]"
Change component parameters (AddParameter): Name = "ComponentLink4Description"; Value = "Страница на сайте производиетеля"; VariantName = "[No Variations]"
Change component parameters (AddParameter): Name = "ComponentLink4URL"; Value = "https://product.tdk.com/en/search/inductor/inductor/smd/info?part_no=VLS6045EX-100M&utm_source=inductor_commercial_power_vls6045ex_en.pdf&utm_medium=catalog"; VariantName = "[No Variations]"
Change component parameters (AddParameter): Name = "Cost"; Value = "32"; VariantName = "[No Variations]"
Change component parameters (AddParameter): Name = "ID"; Value = "LL0009"; VariantName = "[No Variations]"
Change component parameters (AddParameter): Name = "Manufacturer"; Value = "TDK"; VariantName = "[No Variations]"
Change component parameters (AddParameter): Name = "ManufacturerPartNumber"; Value = "VLS6045EX-220M"; VariantName = "[No Variations]"
Change component parameters (AddParameter): Name = "Name_for_setter"; Value = "-22мкГн±20% 1,9А--VLS6045EX-220M *** SMD"; VariantName = "[No Variations]"
Change component parameters (AddParameter): Name = "Operating Temperature"; Value = "-40°C ~ 105°C"; VariantName = "[No Variations]"
Change component parameters (AddParameter): Name = "Power/Voltage"; Value = "1,9А"; VariantName = "[No Variations]"
Change component parameters (AddParameter): Name = "Rem"; Value = "Induct"; VariantName = "[No Variations]"
Change component parameters (AddParameter): Name = "SMD"; Value = "SMD"; VariantName = "[No Variations]"
Change component parameters (AddParameter): Name = "Tolerance"; Value = "±20%"; VariantName = "[No Variations]"
Change component parameters (AddParameter): Name = "Value"; Value = "22мкГн"; VariantName = "[No Variations]"
Change component parameters (AddParameter): Name = "ВП/ОТК"; Value = "Импорт"; VariantName = "[No Variations]"
Change component parameters (AddParameter): Name = "ОКП"; Value = "импорт"; VariantName = "[No Variations]"
Change component parameters (AddParameter): Name = "Примечание"; Value = "TDK"; VariantName = "[No Variations]"
Change component parameters (AddParameter): Name = "Тип расширенный"; Value = "Дроссель"; VariantName = "[No Variations]"
Change component parameters (AddParameter): Name = "Тип элемента"; Value = "Дроссель"; VariantName = "[No Variations]"
Added Component: Designator=1(Cont_point)
Add component (AddParameter): Name = "ClassName"; Value = ""; VariantName = "[No Variations]"
Add component (AddParameter): Name = "ID"; Value = "SPS0014"; VariantName = "[No Variations]"
Add component (AddParameter): Name = "Примечание"; Value = "Контактная площадка"; VariantName = "[No Variations]"
Added Component: Designator=2(Cont_point)
Add component (AddParameter): Name = "ClassName"; Value = ""; VariantName = "[No Variations]"
Add component (AddParameter): Name = "ID"; Value = "SPS0014"; VariantName = "[No Variations]"
Add component (AddParameter): Name = "Примечание"; Value = "Контактная площадка"; VariantName = "[No Variations]"
Added Component: Designator=3(Cont_point)
Add component (AddParameter): Name = "ClassName"; Value = ""; VariantName = "[No Variations]"
Add component (AddParameter): Name = "ID"; Value = "SPS0014"; VariantName = "[No Variations]"
Add component (AddParameter): Name = "Примечание"; Value = "Контактная площадка"; VariantName = "[No Variations]"
Added Component: Designator=4(Cont_point)
Add component (AddParameter): Name = "ClassName"; Value = ""; VariantName = "[No Variations]"
Add component (AddParameter): Name = "ID"; Value = "SPS0014"; VariantName = "[No Variations]"
Add component (AddParameter): Name = "Примечание"; Value = "Контактная площадка"; VariantName = "[No Variations]"
Added Pin To Net: NetName=NetC1_1 Pin=1-1
Added Pin To Net: NetName=GND Pin=2-1
Added Pin To Net: NetName=NetC5_1 Pin=3-1
Added Pin To Net: NetName=GND Pin=4-1
Change Net Name : Old Net Name=NetC1_1 New Net Name=Net1_1
Change Net Name : Old Net Name=NetC5_1 New Net Name=Net3_1
Added Member To Class: ClassName=Схема преобразователя Member=Component 1 Контактная площадка
Added Member To Class: ClassName=Схема преобразователя Member=Component 2 Контактная площадка
Added Member To Class: ClassName=Схема преобразователя Member=Component 3 Контактная площадка
Added Member To Class: ClassName=Схема преобразователя Member=Component 4 Контактная площадка
Added Room: Name=Схема преобразователя
